2024-07-07 15:58:02.479 [info] Started local extension host with pid 1495.
2024-07-07 15:58:02.532 [info] Started initializing default profile extensions in extensions installation folder. file:///Users/kevinly/.vscode/extensions
2024-07-07 15:58:02.957 [info] Completed initializing default profile extensions in extensions installation folder. file:///Users/kevinly/.vscode/extensions
2024-07-07 15:58:05.686 [info] [perf] Render performance baseline is 28ms
2024-07-07 15:59:11.775 [info] Started local extension host with pid 1533.
2024-07-07 15:59:14.858 [info] [perf] Render performance baseline is 32ms
2024-07-07 16:08:22.672 [error] Assertion Failed: argument is undefined or null: Error: Assertion Failed: argument is undefined or null
    at p (vscode-file://vscode-app/private/var/folders/6v/1gkmxvh10ng18bxqrch98npm0000gn/T/AppTranslocation/3797FB3D-23E6-4D56-B859-2AFA6AF661AB/d/Visual%20Studio%20Code.app/Contents/Resources/app/out/vs/workbench/workbench.desktop.main.js:93:39111)
    at ge.ec (vscode-file://vscode-app/private/var/folders/6v/1gkmxvh10ng18bxqrch98npm0000gn/T/AppTranslocation/3797FB3D-23E6-4D56-B859-2AFA6AF661AB/d/Visual%20Studio%20Code.app/Contents/Resources/app/out/vs/workbench/workbench.desktop.main.js:2411:67720)
    at ge.layout (vscode-file://vscode-app/private/var/folders/6v/1gkmxvh10ng18bxqrch98npm0000gn/T/AppTranslocation/3797FB3D-23E6-4D56-B859-2AFA6AF661AB/d/Visual%20Studio%20Code.app/Contents/Resources/app/out/vs/workbench/workbench.desktop.main.js:2411:80294)
    at vscode-file://vscode-app/private/var/folders/6v/1gkmxvh10ng18bxqrch98npm0000gn/T/AppTranslocation/3797FB3D-23E6-4D56-B859-2AFA6AF661AB/d/Visual%20Studio%20Code.app/Contents/Resources/app/out/vs/workbench/workbench.desktop.main.js:2206:25286
    at o.W (vscode-file://vscode-app/private/var/folders/6v/1gkmxvh10ng18bxqrch98npm0000gn/T/AppTranslocation/3797FB3D-23E6-4D56-B859-2AFA6AF661AB/d/Visual%20Studio%20Code.app/Contents/Resources/app/out/vs/workbench/workbench.desktop.main.js:2206:25405)
    at o.layout (vscode-file://vscode-app/private/var/folders/6v/1gkmxvh10ng18bxqrch98npm0000gn/T/AppTranslocation/3797FB3D-23E6-4D56-B859-2AFA6AF661AB/d/Visual%20Studio%20Code.app/Contents/Resources/app/out/vs/workbench/workbench.desktop.main.js:2206:25272)
    at de.layout (vscode-file://vscode-app/private/var/folders/6v/1gkmxvh10ng18bxqrch98npm0000gn/T/AppTranslocation/3797FB3D-23E6-4D56-B859-2AFA6AF661AB/d/Visual%20Studio%20Code.app/Contents/Resources/app/out/vs/workbench/workbench.desktop.main.js:2334:35976)
    at de.relayout (vscode-file://vscode-app/private/var/folders/6v/1gkmxvh10ng18bxqrch98npm0000gn/T/AppTranslocation/3797FB3D-23E6-4D56-B859-2AFA6AF661AB/d/Visual%20Studio%20Code.app/Contents/Resources/app/out/vs/workbench/workbench.desktop.main.js:2334:36104)
    at d.value (vscode-file://vscode-app/private/var/folders/6v/1gkmxvh10ng18bxqrch98npm0000gn/T/AppTranslocation/3797FB3D-23E6-4D56-B859-2AFA6AF661AB/d/Visual%20Studio%20Code.app/Contents/Resources/app/out/vs/workbench/workbench.desktop.main.js:2334:9051)
    at l.B (vscode-file://vscode-app/private/var/folders/6v/1gkmxvh10ng18bxqrch98npm0000gn/T/AppTranslocation/3797FB3D-23E6-4D56-B859-2AFA6AF661AB/d/Visual%20Studio%20Code.app/Contents/Resources/app/out/vs/workbench/workbench.desktop.main.js:93:732)
    at l.fire (vscode-file://vscode-app/private/var/folders/6v/1gkmxvh10ng18bxqrch98npm0000gn/T/AppTranslocation/3797FB3D-23E6-4D56-B859-2AFA6AF661AB/d/Visual%20Studio%20Code.app/Contents/Resources/app/out/vs/workbench/workbench.desktop.main.js:93:949)
    at d.value (vscode-file://vscode-app/private/var/folders/6v/1gkmxvh10ng18bxqrch98npm0000gn/T/AppTranslocation/3797FB3D-23E6-4D56-B859-2AFA6AF661AB/d/Visual%20Studio%20Code.app/Contents/Resources/app/out/vs/workbench/workbench.desktop.main.js:1785:36132)
    at l.B (vscode-file://vscode-app/private/var/folders/6v/1gkmxvh10ng18bxqrch98npm0000gn/T/AppTranslocation/3797FB3D-23E6-4D56-B859-2AFA6AF661AB/d/Visual%20Studio%20Code.app/Contents/Resources/app/out/vs/workbench/workbench.desktop.main.js:93:732)
    at l.fire (vscode-file://vscode-app/private/var/folders/6v/1gkmxvh10ng18bxqrch98npm0000gn/T/AppTranslocation/3797FB3D-23E6-4D56-B859-2AFA6AF661AB/d/Visual%20Studio%20Code.app/Contents/Resources/app/out/vs/workbench/workbench.desktop.main.js:93:949)
    at j.hide (vscode-file://vscode-app/private/var/folders/6v/1gkmxvh10ng18bxqrch98npm0000gn/T/AppTranslocation/3797FB3D-23E6-4D56-B859-2AFA6AF661AB/d/Visual%20Studio%20Code.app/Contents/Resources/app/out/vs/workbench/workbench.desktop.main.js:1785:31464)
    at j.update (vscode-file://vscode-app/private/var/folders/6v/1gkmxvh10ng18bxqrch98npm0000gn/T/AppTranslocation/3797FB3D-23E6-4D56-B859-2AFA6AF661AB/d/Visual%20Studio%20Code.app/Contents/Resources/app/out/vs/workbench/workbench.desktop.main.js:1785:31810)
    at g.D (vscode-file://vscode-app/private/var/folders/6v/1gkmxvh10ng18bxqrch98npm0000gn/T/AppTranslocation/3797FB3D-23E6-4D56-B859-2AFA6AF661AB/d/Visual%20Studio%20Code.app/Contents/Resources/app/out/vs/workbench/workbench.desktop.main.js:2334:9193)
    at g.openEditor (vscode-file://vscode-app/private/var/folders/6v/1gkmxvh10ng18bxqrch98npm0000gn/T/AppTranslocation/3797FB3D-23E6-4D56-B859-2AFA6AF661AB/d/Visual%20Studio%20Code.app/Contents/Resources/app/out/vs/workbench/workbench.desktop.main.js:2334:9118)
    at de.Kb (vscode-file://vscode-app/private/var/folders/6v/1gkmxvh10ng18bxqrch98npm0000gn/T/AppTranslocation/3797FB3D-23E6-4D56-B859-2AFA6AF661AB/d/Visual%20Studio%20Code.app/Contents/Resources/app/out/vs/workbench/workbench.desktop.main.js:2334:27084)
    at de.Jb (vscode-file://vscode-app/private/var/folders/6v/1gkmxvh10ng18bxqrch98npm0000gn/T/AppTranslocation/3797FB3D-23E6-4D56-B859-2AFA6AF661AB/d/Visual%20Studio%20Code.app/Contents/Resources/app/out/vs/workbench/workbench.desktop.main.js:2334:26600)
    at de.openEditor (vscode-file://vscode-app/private/var/folders/6v/1gkmxvh10ng18bxqrch98npm0000gn/T/AppTranslocation/3797FB3D-23E6-4D56-B859-2AFA6AF661AB/d/Visual%20Studio%20Code.app/Contents/Resources/app/out/vs/workbench/workbench.desktop.main.js:2334:25347)
    at A.openEditor (vscode-file://vscode-app/private/var/folders/6v/1gkmxvh10ng18bxqrch98npm0000gn/T/AppTranslocation/3797FB3D-23E6-4D56-B859-2AFA6AF661AB/d/Visual%20Studio%20Code.app/Contents/Resources/app/out/vs/workbench/workbench.desktop.main.js:2214:35758)
