2024-07-07 15:58:02.426 [info] Added views:workbench.panel.markers.view in workbench.panel.markers
2024-07-07 15:58:02.426 [info] Added views:workbench.panel.output in workbench.panel.output
2024-07-07 15:58:02.426 [info] Added views:terminal in terminal
2024-07-07 15:58:02.426 [info] Added views:outline in workbench.view.explorer
2024-07-07 15:58:02.426 [info] Added views:workbench.scm in workbench.view.scm
2024-07-07 15:58:02.426 [info] Added views:workbench.view.search in workbench.view.search
2024-07-07 15:58:02.426 [info] Added views:timeline in workbench.view.explorer
2024-07-07 15:58:02.426 [info] Added views:workbench.explorer.emptyView in workbench.view.explorer
2024-07-07 15:58:02.833 [info] Added views:workbench.debug.variablesView,workbench.debug.watchExpressionsView,workbench.debug.callStackView,workbench.debug.breakPointsView in workbench.view.debug
2024-07-07 15:58:03.173 [info] Added views:~remote.forwardedPorts in ~remote.forwardedPortsContainer
2024-07-07 15:58:03.283 [info] Added views:workbench.panel.repl.view in workbench.panel.repl
2024-07-07 15:58:03.302 [info] Removed views:workbench.debug.breakPointsView,workbench.debug.callStackView,workbench.debug.watchExpressionsView,workbench.debug.variablesView from workbench.view.debug
2024-07-07 15:58:03.302 [info] Added views:workbench.debug.welcome in workbench.view.debug
2024-07-07 15:58:13.631 [info] Added views:workbench.views.extensions.installed,workbench.views.extensions.popular,extensions.recommendedList in workbench.view.extensions
2024-07-07 15:58:13.633 [info] Removed views:workbench.views.extensions.popular from workbench.view.extensions
2024-07-07 15:58:13.814 [info] Added views:workbench.views.extensions.popular in workbench.view.extensions
2024-07-07 15:58:16.683 [info] Removed views:extensions.recommendedList,workbench.views.extensions.popular,workbench.views.extensions.installed from workbench.view.extensions
2024-07-07 15:58:16.689 [info] Added views:workbench.views.extensions.marketplace in workbench.view.extensions
2024-07-07 15:58:23.370 [info] Removed views:workbench.views.extensions.marketplace from workbench.view.extensions
2024-07-07 15:58:23.381 [info] Added views:workbench.views.extensions.installed,workbench.views.extensions.popular,extensions.recommendedList in workbench.view.extensions
2024-07-07 15:58:25.101 [info] Removed views:extensions.recommendedList,workbench.views.extensions.popular,workbench.views.extensions.installed from workbench.view.extensions
2024-07-07 15:58:25.111 [info] Added views:workbench.views.extensions.marketplace in workbench.view.extensions
2024-07-07 15:58:33.583 [info] Removed views:workbench.views.extensions.marketplace from workbench.view.extensions
2024-07-07 15:58:33.594 [info] Added views:workbench.views.extensions.installed,workbench.views.extensions.popular,extensions.recommendedList in workbench.view.extensions
2024-07-07 15:59:11.707 [info] Added views:workbench.panel.markers.view in workbench.panel.markers
2024-07-07 15:59:11.707 [info] Added views:workbench.panel.output in workbench.panel.output
2024-07-07 15:59:11.707 [info] Added views:terminal in terminal
2024-07-07 15:59:11.707 [info] Added views:outline in workbench.view.explorer
2024-07-07 15:59:11.707 [info] Added views:workbench.scm in workbench.view.scm
2024-07-07 15:59:11.707 [info] Added views:workbench.view.search in workbench.view.search
2024-07-07 15:59:11.707 [info] Added views:timeline in workbench.view.explorer
2024-07-07 15:59:11.707 [info] Added views:workbench.explorer.fileView in workbench.view.explorer
2024-07-07 15:59:12.060 [info] Added views:workbench.debug.variablesView,workbench.debug.watchExpressionsView,workbench.debug.callStackView,workbench.debug.breakPointsView in workbench.view.debug
2024-07-07 15:59:12.186 [info] Added views:~remote.forwardedPorts in ~remote.forwardedPortsContainer
2024-07-07 15:59:12.299 [info] Added views:workbench.panel.repl.view in workbench.panel.repl
2024-07-07 15:59:12.304 [info] Removed views:workbench.debug.breakPointsView,workbench.debug.callStackView,workbench.debug.watchExpressionsView,workbench.debug.variablesView from workbench.view.debug
2024-07-07 15:59:12.304 [info] Added views:workbench.debug.welcome in workbench.view.debug
2024-07-07 15:59:23.816 [info] Added views:workbench.view.testing in workbench.view.extension.test
2024-07-07 16:12:23.608 [info] Added views:workbench.debug.breakPointsView in workbench.view.debug
2024-07-07 16:12:28.550 [info] Removed views:workbench.debug.breakPointsView from workbench.view.debug
2024-07-07 16:16:32.049 [info] Removed views:workbench.view.testing from workbench.view.extension.test
