[1192:259:0707/183218.807085:VERBOSE1:updater.cc(326)] Version: 126.0.6441.0, opt, 64 bits, command line: /Applications/Google Chrome.app/Contents/Frameworks/Google Chrome Framework.framework/Versions/126.0.6478.127/Helpers/GoogleUpdater.app/Contents/MacOS/GoogleUpdater --install --enable-logging --vmodule=*/components/update_client/*=2,*/chrome/updater/*=2
[1192:259:0707/183218.807704:VERBOSE1:updater.cc(328)] OS version: 13.6.3, System uptime (seconds): 851, parent pid: 1109
[1194:259:0707/183218.830807:VERBOSE1:updater.cc(326)] Version: 126.0.6441.0, opt, 64 bits, command line: /Applications/Google Chrome.app/Contents/Frameworks/Google Chrome Framework.framework/Versions/126.0.6478.127/Helpers/GoogleUpdater.app/Contents/MacOS/GoogleUpdater --crash-handler --database=/Users/kevinly/Library/Application Support/Google/GoogleUpdater/126.0.6441.0/Crashpad --url=https://clients2.google.com/cr/report --annotation=prod=Update4 --annotation=ver=126.0.6441.0 --handshake-fd=6 --enable-logging --vmodule=*/components/update_client/*=2,*/chrome/updater/*=2
[1194:259:0707/183218.831457:VERBOSE1:updater.cc(328)] OS version: 13.6.3, System uptime (seconds): 851, parent pid: 1
[1192:259:0707/183218.838062:VERBOSE1:crash_reporter.cc(114)] Crash handler launched and ready.
[1192:259:0707/183218.840609:VERBOSE1:crash_client.cc(102)] Found 0 completed crash reports
[1192:259:0707/183218.840815:VERBOSE1:crash_client.cc(120)] Found 0 pending crash reports
[1192:259:0707/183218.841752:VERBOSE1:updater.cc(101)] Crash reporting initialized.
[1192:259:0707/183219.063632:VERBOSE2:lock_mac.mm(47)] TryAcquireReceive
[1192:259:0707/183219.064041:VERBOSE1:update_service_proxy_posix.cc(227)] GetVersion
[1192:259:0707/183219.064092:VERBOSE1:update_service_proxy_posix.cc(432)] EnsureConnecting
[1192:14851:0707/183219.065159:VERBOSE1:update_service_proxy_posix.cc(199)] Failed to connect to UpdateService remote. No updater exists.
[1192:259:0707/183219.075551:VERBOSE1:update_service_proxy_posix.cc(392)] OnConnected
[1192:259:0707/183219.075643:VERBOSE1:update_service_proxy_posix.cc(227)] GetVersion
[1192:259:0707/183219.075677:VERBOSE1:update_service_proxy_posix.cc(432)] EnsureConnecting
[1192:14851:0707/183219.075957:VERBOSE1:update_service_proxy_posix.cc(199)] Failed to connect to UpdateService remote. No updater exists.
[1192:259:0707/183219.076403:VERBOSE1:update_service_proxy_posix.cc(392)] OnConnected
[1192:259:0707/183219.076451:VERBOSE1:update_service_proxy_posix.cc(227)] GetVersion
[1192:259:0707/183219.076484:VERBOSE1:update_service_proxy_posix.cc(432)] EnsureConnecting
[1192:14851:0707/183219.076686:VERBOSE1:update_service_proxy_posix.cc(199)] Failed to connect to UpdateService remote. No updater exists.
[1192:259:0707/183219.076750:VERBOSE1:update_service_proxy_posix.cc(392)] OnConnected
[1192:14851:0707/183219.113919:VERBOSE2:setup.mm(167)] launchctl bootout exited: 5, stdout: 
[1192:14851:0707/183219.166413:VERBOSE2:prefs.cc(142)] CreateGlobalPrefs
[1192:14851:0707/183219.166464:VERBOSE2:lock_mac.mm(47)] TryAcquireReceive
[1192:14851:0707/183219.167239:VERBOSE1:prefs.cc(89)] UpdaterPrefsImpl (global): /Users/kevinly/Library/Application Support/Google/GoogleUpdater
[1192:26115:0707/183219.189764:VERBOSE1:prefs.cc(209)] Prefs committed.
[1192:14851:0707/183219.189891:VERBOSE1:prefs.cc(94)] ~UpdaterPrefsImpl: /Users/kevinly/Library/Application Support/Google/GoogleUpdater
[1192:259:0707/183219.190017:VERBOSE1:update_service_internal_proxy_posix.cc(112)] Hello
[1199:259:0707/183219.678186:VERBOSE1:updater.cc(326)] Version: 126.0.6441.0, opt, 64 bits, command line: GoogleUpdater --server --service=update-internal --enable-logging --vmodule=*/components/update_client/*=2,*/chrome/updater/*=2
[1199:259:0707/183219.678753:VERBOSE1:updater.cc(328)] OS version: 13.6.3, System uptime (seconds): 852, parent pid: 1
[1201:259:0707/183219.700972:VERBOSE1:updater.cc(326)] Version: 126.0.6441.0, opt, 64 bits, command line: /Users/kevinly/Library/Application Support/Google/GoogleUpdater/126.0.6441.0/GoogleUpdater.app/Contents/MacOS/GoogleUpdater --crash-handler --database=/Users/kevinly/Library/Application Support/Google/GoogleUpdater/126.0.6441.0/Crashpad --url=https://clients2.google.com/cr/report --annotation=prod=Update4 --annotation=ver=126.0.6441.0 --handshake-fd=6 --enable-logging --vmodule=*/components/update_client/*=2,*/chrome/updater/*=2
[1201:259:0707/183219.701503:VERBOSE1:updater.cc(328)] OS version: 13.6.3, System uptime (seconds): 852, parent pid: 1
[1199:259:0707/183219.707077:VERBOSE1:crash_reporter.cc(114)] Crash handler launched and ready.
[1199:259:0707/183219.709526:VERBOSE1:crash_client.cc(102)] Found 0 completed crash reports
[1199:259:0707/183219.709763:VERBOSE1:crash_client.cc(120)] Found 0 pending crash reports
[1199:259:0707/183219.710532:VERBOSE1:updater.cc(101)] Crash reporting initialized.
[1199:259:0707/183219.712337:VERBOSE2:app_server.cc(57)] ModeCheck
[1199:259:0707/183219.712408:VERBOSE2:prefs.cc(142)] CreateGlobalPrefs
[1199:259:0707/183219.712455:VERBOSE2:lock_mac.mm(47)] TryAcquireReceive
[1199:259:0707/183219.713343:VERBOSE1:prefs.cc(89)] UpdaterPrefsImpl (global): /Users/kevinly/Library/Application Support/Google/GoogleUpdater
[1199:259:0707/183219.713448:VERBOSE2:app_server.cc(70)] This version: 126.0.6441.0, active version: 126.0.6441.0
[1199:259:0707/183219.713485:VERBOSE2:prefs.cc(183)] CreateLocalPrefs
[1199:259:0707/183219.713646:VERBOSE1:prefs.cc(89)] UpdaterPrefsImpl (local): /Users/kevinly/Library/Application Support/Google/GoogleUpdater/126.0.6441.0
[1199:15363:0707/183219.713826:VERBOSE1:prefs.cc(209)] Prefs committed.
[1199:259:0707/183219.714180:INFO:ks_tickets.mm(31)] Ticket store does not exist at /Users/kevinly/Library/Google/GoogleSoftwareUpdate/TicketStore/Keystone.ticketstore
[1199:259:0707/183219.714451:WARNING:keystone.mm(62)] Failed to read client-regulated-counting data.
[1199:259:0707/183219.715479:VERBOSE2:setup.mm(140)] Skipping unnecessary update to /Users/kevinly/Library/LaunchAgents/com.google.GoogleUpdater.wake.plist
[1199:259:0707/183219.715861:ERROR:keystone.mm(278)] Failed to launch ksinstall.
[1199:15363:0707/183219.756926:VERBOSE1:prefs.cc(209)] Prefs committed.
[1199:15363:0707/183219.776855:VERBOSE1:prefs.cc(209)] Prefs committed.
[1199:259:0707/183219.777005:VERBOSE1:prefs.cc(94)] ~UpdaterPrefsImpl: /Users/kevinly/Library/Application Support/Google/GoogleUpdater/126.0.6441.0
[1199:259:0707/183219.777190:VERBOSE2:prefs.cc(183)] CreateLocalPrefs
[1199:259:0707/183219.777497:VERBOSE1:prefs.cc(89)] UpdaterPrefsImpl (local): /Users/kevinly/Library/Application Support/Google/GoogleUpdater/126.0.6441.0
[1199:259:0707/183219.777557:VERBOSE1:prefs.cc(94)] ~UpdaterPrefsImpl: /Users/kevinly/Library/Application Support/Google/GoogleUpdater
[1199:259:0707/183219.845187:VERBOSE1:update_service_internal_impl.cc(39)] Hello
[1192:259:0707/183219.845516:VERBOSE1:update_service_proxy_posix.cc(427)] ~UpdateServiceProxyImpl
[1192:259:0707/183219.845561:VERBOSE1:update_service_proxy_posix.cc(258)] FetchPolicies
[1192:259:0707/183219.845584:VERBOSE1:update_service_proxy_posix.cc(432)] EnsureConnecting
[1199:259:0707/183219.845765:VERBOSE1:update_service_internal_stub.cc(47)] UpdateServiceInternal receiver disconnected: 0
[1204:259:0707/183219.867618:VERBOSE1:updater.cc(326)] Version: 126.0.6441.0, opt, 64 bits, command line: GoogleUpdater --server --service=update --enable-logging --vmodule=*/components/update_client/*=2,*/chrome/updater/*=2
[1204:259:0707/183219.868181:VERBOSE1:updater.cc(328)] OS version: 13.6.3, System uptime (seconds): 852, parent pid: 1
[1206:259:0707/183219.890122:VERBOSE1:updater.cc(326)] Version: 126.0.6441.0, opt, 64 bits, command line: /Users/kevinly/Library/Application Support/Google/GoogleUpdater/126.0.6441.0/GoogleUpdater.app/Contents/MacOS/GoogleUpdater --crash-handler --database=/Users/kevinly/Library/Application Support/Google/GoogleUpdater/126.0.6441.0/Crashpad --url=https://clients2.google.com/cr/report --annotation=prod=Update4 --annotation=ver=126.0.6441.0 --handshake-fd=6 --enable-logging --vmodule=*/components/update_client/*=2,*/chrome/updater/*=2
[1206:259:0707/183219.890704:VERBOSE1:updater.cc(328)] OS version: 13.6.3, System uptime (seconds): 852, parent pid: 1
[1204:259:0707/183219.895982:VERBOSE1:crash_reporter.cc(114)] Crash handler launched and ready.
[1204:259:0707/183219.898007:VERBOSE1:crash_client.cc(102)] Found 0 completed crash reports
[1204:259:0707/183219.898189:VERBOSE1:crash_client.cc(120)] Found 0 pending crash reports
[1204:259:0707/183219.898729:VERBOSE1:updater.cc(101)] Crash reporting initialized.
[1204:259:0707/183219.899175:VERBOSE2:app_server.cc(57)] ModeCheck
[1204:259:0707/183219.899216:VERBOSE2:prefs.cc(142)] CreateGlobalPrefs
[1204:259:0707/183219.899284:VERBOSE2:lock_mac.mm(47)] TryAcquireReceive
[1204:259:0707/183219.899789:VERBOSE1:prefs.cc(89)] UpdaterPrefsImpl (global): /Users/kevinly/Library/Application Support/Google/GoogleUpdater
[1204:259:0707/183219.899858:VERBOSE2:app_server.cc(70)] This version: 126.0.6441.0, active version: 126.0.6441.0
[1204:259:0707/183219.901061:VERBOSE1:dm_storage.cc(204)] No valid DM token.
[1204:259:0707/183220.008817:VERBOSE1:service.cc(148)] Current effective policies:
{
  LastCheckPeriod = 270 (Default)
}

[1192:259:0707/183220.029721:VERBOSE1:update_service_proxy_posix.cc(392)] OnConnected
[1204:259:0707/183220.030379:VERBOSE1:update_service_impl_impl.cc(606)] FetchPolicies
[1204:259:0707/183220.030444:VERBOSE2:update_service_impl_impl.cc(610)] Policy fetch skipped for user updater.
[1192:259:0707/183220.030656:VERBOSE1:update_service_proxy_posix.cc(267)] RegisterApp
[1192:259:0707/183220.030703:VERBOSE1:update_service_proxy_posix.cc(432)] EnsureConnecting
[1204:259:0707/183220.030827:VERBOSE1:update_service_impl_impl.cc(620)] RegisterApp
[1204:259:0707/183220.030888:VERBOSE2:persisted_data.cc(358)] RegisterApp: Registering {44fc7fe2-65ce-487c-93f4-edee46eeaaab} at version 126.0.6441.0
[1192:259:0707/183220.031223:VERBOSE1:update_service_proxy_posix.cc(427)] ~UpdateServiceProxyImpl
[1204:259:0707/183220.031338:VERBOSE1:update_service_stub.cc(416)] UpdateService client disconnected.
[1192:259:0707/183220.031845:VERBOSE1:updater.cc(333)] UpdaterMain (--install) returned 0.
[1204:259:0707/183220.059562:VERBOSE1:update_service_impl_impl.cc(620)] RegisterApp
[1204:259:0707/183220.059641:VERBOSE2:persisted_data.cc(358)] RegisterApp: Registering com.google.Chrome at version 126.0.6478.127
[1204:259:0707/183220.061447:VERBOSE1:update_service_stub.cc(416)] UpdateService client disconnected.
[1204:259:0707/183220.104787:VERBOSE1:update_service_impl_impl.cc(657)] RunPeriodicTasks
[1204:259:0707/183220.104904:VERBOSE1:update_service_impl_impl.cc(662)] last_started updated.
[1204:259:0707/183220.105211:INFO:ks_tickets.mm(31)] Ticket store does not exist at /Users/kevinly/Library/Google/GoogleSoftwareUpdate/TicketStore/Keystone.ticketstore
[1204:259:0707/183220.105459:WARNING:keystone.mm(62)] Failed to read client-regulated-counting data.
[1204:259:0707/183220.106336:VERBOSE1:update_service_impl_impl.cc(606)] FetchPolicies
[1204:259:0707/183220.106377:VERBOSE2:update_service_impl_impl.cc(610)] Policy fetch skipped for user updater.
[1199:13827:0707/183229.849722:VERBOSE1:prefs.cc(209)] Prefs committed.
[1199:259:0707/183229.849809:VERBOSE1:prefs.cc(94)] ~UpdaterPrefsImpl: /Users/kevinly/Library/Application Support/Google/GoogleUpdater/126.0.6441.0
[1199:259:0707/183229.850497:VERBOSE1:updater.cc(333)] UpdaterMain (--server) returned 0.
[1201:259:0707/183229.851927:VERBOSE1:updater.cc(333)] UpdaterMain (--crash-handler) returned 0.
[1204:259:0707/183318.550604:VERBOSE1:update_service_impl_impl.cc(750)] ForceInstall
[1204:259:0707/183318.550776:INFO:check_for_updates_task.cc(84)] Check for update task complete: 0
[1204:259:0707/183344.979689:VERBOSE1:update_service_impl_impl.cc(857)] UpdateAll
[1204:259:0707/183344.980847:VERBOSE1:update_service_impl_impl.cc(118)] GetComponents. Same version update: not allowed
[1204:259:0707/183344.982021:VERBOSE1:installer.cc(125)] MakeCrxComponentFromAppInfo for {44fc7fe2-65ce-487c-93f4-edee46eeaaab}
[1204:259:0707/183344.984797:VERBOSE1:installer.cc(125)] MakeCrxComponentFromAppInfo for com.google.chrome
[1204:259:0707/183344.988019:VERBOSE2:request_sender.cc(103)] Sending Omaha request: {"request":{"@os":"mac","@updater":"updater","acceptformat":"crx3,puff","app":[{"appid":"com.google.chrome","brand":"GGRO","enabled":true,"installdate":-1,"ping":{"ad":-1,"rd":-1},"updatecheck":{},"version":"126.0.6478.127"},{"appid":"{44fc7fe2-65ce-487c-93f4-edee46eeaaab}","enabled":true,"installdate":-1,"ping":{"rd":-1},"updatecheck":{},"version":"126.0.6441.0"}],"arch":"x64","dedup":"cr","domainjoined":false,"hw":{"avx":true,"physmemory":16,"sse":true,"sse2":true,"sse3":true,"sse41":true,"sse42":true,"ssse3":true},"ismachine":false,"nacl_arch":"x86-64","os":{"arch":"x86_64","platform":"Mac OS X","version":"13.6.3"},"prodversion":"126.0.6441.0","protocol":"3.1","requestid":"{9b623283-b4be-4eb0-b2ce-c20d36b80fea}","sessionid":"{d2f9a6d8-e563-41e8-bc94-28aa50d25a7d}","updaterversion":"126.0.6441.0"}}
[1204:259:0707/183345.000018:VERBOSE1:network_fetcher_mac.mm(357)] Posting data: {"request":{"@os":"mac","@updater":"updater","acceptformat":"crx3,puff","app":[{"appid":"com.google.chrome","brand":"GGRO","enabled":true,"installdate":-1,"ping":{"ad":-1,"rd":-1},"updatecheck":{},"version":"126.0.6478.127"},{"appid":"{44fc7fe2-65ce-487c-93f4-edee46eeaaab}","enabled":true,"installdate":-1,"ping":{"rd":-1},"updatecheck":{},"version":"126.0.6441.0"}],"arch":"x64","dedup":"cr","domainjoined":false,"hw":{"avx":true,"physmemory":16,"sse":true,"sse2":true,"sse3":true,"sse41":true,"sse42":true,"ssse3":true},"ismachine":false,"nacl_arch":"x86-64","os":{"arch":"x86_64","platform":"Mac OS X","version":"13.6.3"},"prodversion":"126.0.6441.0","protocol":"3.1","requestid":"{9b623283-b4be-4eb0-b2ce-c20d36b80fea}","sessionid":"{d2f9a6d8-e563-41e8-bc94-28aa50d25a7d}","updaterversion":"126.0.6441.0"}}
[1204:259:0707/183347.215940:VERBOSE1:request_sender.cc(182)] Request completed from url: https://update.googleapis.com/service/update2/json?cup2key=14:OEqe5QUc_XBTNAWZWPUXwR8ha0ckESV0luc3ZzSWGC4&cup2hreq=dc0e3755971dae98f9c4d97ffb70757743e0d1bbe744efa7df715b8c29f34d88
[1204:259:0707/183347.216023:VERBOSE2:request_sender.cc(129)] Omaha response received: )]}'
{"response":{"server":"prod","protocol":"3.1","daystart":{"elapsed_seconds":66827,"elapsed_days":6397},"app":[{"appid":"com.google.chrome","cohort":"1:1y5:","status":"ok","cohortname":"Stable","ping":{"status":"ok"},"updatecheck":{"status":"noupdate"}},{"appid":"{44fc7fe2-65ce-487c-93f4-edee46eeaaab}","cohort":"1:scr:","status":"ok","cohortname":"Everyone","ping":{"status":"ok"},"updatecheck":{"status":"ok","urls":{"url":[{"codebase":"http://edgedl.me.gvt1.com/edgedl/release2/update2/baguy4b4kpkp4bzzhzzzn2qwbu_128.0.6537.0/"},{"codebase":"https://edgedl.me.gvt1.com/edgedl/release2/update2/baguy4b4kpkp4bzzhzzzn2qwbu_128.0.6537.0/"},{"codebase":"http://dl.google.com/release2/update2/baguy4b4kpkp4bzzhzzzn2qwbu_128.0.6537.0/"},{"codebase":"https://dl.google.com/release2/update2/baguy4b4kpkp4bzzhzzzn2qwbu_128.0.6537.0/"},{"codebase":"http://www.google.com/dl/release2/update2/baguy4b4kpkp4bzzhzzzn2qwbu_128.0.6537.0/"},{"codebase":"https://www.google.com/dl/release2/update2/baguy4b4kpkp4bzzhzzzn2qwbu_128.0.6537.0/"}]},"manifest":{"run":"GoogleUpdater-128.0.6537.0.dmg","arguments":"--update --enable-logging --vmodule\u003d*/chrome/updater/*\u003d2","version":"128.0.6537.0","packages":{"package":[{"hash_sha256":"b4267fa8e5e3d4640ae83dd6ec3e0f180d2d595cc6d14a5208ef0db686f442eb","size":9075631,"name":"-44fc7fe2-65ce-487c-93f4-edee46eeaaab-_128.0.6537.0_all_hntccv2cli3kauiwyr3jeijpbi.crx3","fp":"1.b4267fa8e5e3d4640ae83dd6ec3e0f180d2d595cc6d14a5208ef0db686f442eb","required":true,"hash":"HbOZKOKrKa32BkI1ROOozCPnhM4\u003d"}]}}}}]}}
[1204:259:0707/183347.884346:VERBOSE1:url_fetcher_downloader.cc(130)] Downloaded 9075631 bytes in 664ms from http://edgedl.me.gvt1.com/edgedl/release2/update2/baguy4b4kpkp4bzzhzzzn2qwbu_128.0.6537.0/-44fc7fe2-65ce-487c-93f4-edee46eeaaab-_128.0.6537.0_all_hntccv2cli3kauiwyr3jeijpbi.crx3 to /var/folders/6v/1gkmxvh10ng18bxqrch98npm0000gn/T/.com.google.Chrome.QiSNKW/-44fc7fe2-65ce-487c-93f4-edee46eeaaab-_128.0.6537.0_all_hntccv2cli3kauiwyr3jeijpbi.crx3
[1204:12291:0707/183348.011753:VERBOSE1:unpacker.cc(66)] Verifying component: /var/folders/6v/1gkmxvh10ng18bxqrch98npm0000gn/T/.com.google.Chrome.QiSNKW/-44fc7fe2-65ce-487c-93f4-edee46eeaaab-_128.0.6537.0_all_hntccv2cli3kauiwyr3jeijpbi.crx3
[1204:12291:0707/183348.236727:VERBOSE2:unpacker.cc(82)] Verification successful: /var/folders/6v/1gkmxvh10ng18bxqrch98npm0000gn/T/.com.google.Chrome.QiSNKW/-44fc7fe2-65ce-487c-93f4-edee46eeaaab-_128.0.6537.0_all_hntccv2cli3kauiwyr3jeijpbi.crx3
[1204:12291:0707/183348.237108:VERBOSE1:unpacker.cc(95)] Unpacking in: /var/folders/6v/1gkmxvh10ng18bxqrch98npm0000gn/T/.com.google.Chrome.weqytL
[1204:12291:0707/183348.284679:VERBOSE2:unpacker.cc(107)] Unzipped successfully
[1204:12291:0707/183348.284732:VERBOSE2:unpacker.cc(163)] Unpacked successfully
[1204:17155:0707/183348.285858:VERBOSE1:installer.cc(163)] Installing update for {44fc7fe2-65ce-487c-93f4-edee46eeaaab}
[1204:17155:0707/183348.285913:VERBOSE2:util.cc(333)] WriteInstallerDataToTempFile: /var/folders/6v/1gkmxvh10ng18bxqrch98npm0000gn/T/.com.google.Chrome.weqytL: 
[1204:17155:0707/183348.286065:VERBOSE1:installer_mac.cc(32)] Running application install at /var/folders/6v/1gkmxvh10ng18bxqrch98npm0000gn/T/.com.google.Chrome.weqytL/GoogleUpdater-128.0.6537.0.dmg
[1204:17155:0707/183352.683226:VERBOSE1:install_from_archive.mm(219)] Running /Volumes/GoogleUpdater/.keystone_install /Volumes/GoogleUpdater  126.0.6441.0
[1294:259:0707/183356.959421:VERBOSE1:updater.cc(323)] Version: 128.0.6537.0, opt, 64 bits, command line: /Volumes/GoogleUpdater/GoogleUpdater.app/Contents/MacOS/GoogleUpdater --update --enable-logging --vmodule=*/chrome/updater/*=2
[1294:259:0707/183356.960128:VERBOSE1:updater.cc(325)] OS version: 13.6.3, System uptime (seconds): 949, parent pid: 1292
[1299:259:0707/183356.985124:VERBOSE1:updater.cc(323)] Version: 128.0.6537.0, opt, 64 bits, command line: /Volumes/GoogleUpdater/GoogleUpdater.app/Contents/MacOS/GoogleUpdater --crash-handler --database=/Users/kevinly/Library/Application Support/Google/GoogleUpdater/128.0.6537.0/Crashpad --url=https://clients2.google.com/cr/report --annotation=prod=Update4 --annotation=ver=128.0.6537.0 --handshake-fd=6 --enable-logging --vmodule=*/components/update_client/*=2,*/chrome/updater/*=2
[1299:259:0707/183356.985674:VERBOSE1:updater.cc(325)] OS version: 13.6.3, System uptime (seconds): 949, parent pid: 1
[1294:259:0707/183356.992737:VERBOSE1:crash_reporter.cc(121)] Crash handler launched and ready.
[1294:259:0707/183356.995364:VERBOSE1:crash_client.cc(102)] Found 0 completed crash reports
[1294:259:0707/183356.995515:VERBOSE1:crash_client.cc(120)] Found 0 pending crash reports
[1294:259:0707/183356.996225:VERBOSE1:updater.cc(101)] Crash reporting initialized.
[1294:15367:0707/183357.040180:VERBOSE2:setup.mm(140)] Skipping unnecessary update to /Users/kevinly/Library/LaunchAgents/com.google.GoogleUpdater.wake.plist
[1294:259:0707/183357.041263:VERBOSE1:updater.cc(330)] UpdaterMain (--update) returned 0.
[1299:259:0707/183357.042575:VERBOSE1:updater.cc(330)] UpdaterMain (--crash-handler) returned 0.
[1204:17155:0707/183357.043340:VERBOSE1:install_from_archive.mm(258)] Output from .keystone_install: UPDATE_IS_MACHINE=0
PATH=/bin:/usr/bin:/Users/kevinly/Library/Google/GoogleSoftwareUpdate/GoogleSoftwareUpdate.bundle/Contents/Helpers
GOOGLE_USAGE_STATS_ENABLED=1
PWD=/Volumes/GoogleUpdater
KS_TICKET_SERVER_URL=https://update.googleapis.com/service/update2/json
PREVIOUS_VERSION=126.0.6441.0
SERVER_ARGS=--update --enable-logging --vmodule=*/chrome/updater/*=2
SHLVL=1
UNPACK_DIR=/Volumes/GoogleUpdater
_=/usr/bin/env
[1294:259:0707/183356.959421:VERBOSE1:updater.cc(323)] Version: 128.0.6537.0, opt, 64 bits, command line: /Volumes/GoogleUpdater/GoogleUpdater.app/Contents/MacOS/GoogleUpdater --update --enable-logging --vmodule=*/chrome/updater/*=2
[1294:259:0707/183356.960128:VERBOSE1:updater.cc(325)] OS version: 13.6.3, System uptime (seconds): 949, parent pid: 1292
[1299:259:0707/183356.985124:VERBOSE1:updater.cc(323)] Version: 128.0.6537.0, opt, 64 bits, command line: /Volumes/GoogleUpdater/GoogleUpdater.app/Contents/MacOS/GoogleUpdater --crash-handler --database=/Users/kevinly/Library/Application Support/Google/GoogleUpdater/128.0.6537.0/Crashpad --url=https://clients2.google.com/cr/report --annotation=prod=Update4 --annotation=ver=128.0.6537.0 --handshake-fd=6 --enable-logging --vmodule=*/components/update_client/*=2,*/chrome/updater/*=2
[1299:259:0707/183356.985674:VERBOSE1:updater.cc(325)] OS version: 13.6.3, System uptime (seconds): 949, parent pid: 1
[1294:259:0707/183356.992737:VERBOSE1:crash_reporter.cc(121)] Crash handler launched and ready.
[1294:259:0707/183356.995364:VERBOSE1:crash_client.cc(102)] Found 0 completed crash reports
[1294:259:0707/183356.995515:VERBOSE1:crash_client.cc(120)] Found 0 pending crash reports
[1294:259:0707/183356.996225:VERBOSE1:updater.cc(101)] Crash reporting initialized.
[1294:15367:0707/183357.040180:VERBOSE2:setup.mm(140)] Skipping unnecessary update to /Users/kevinly/Library/LaunchAgents/com.google.GoogleUpdater.wake.plist
[1294:259:0707/183357.041263:VERBOSE1:updater.cc(330)] UpdaterMain (--update) returned 0.
[1299:259:0707/183357.042575:VERBOSE1:updater.cc(330)] UpdaterMain (--crash-handler) returned 0.

[1204:259:0707/183407.862836:VERBOSE2:request_sender.cc(103)] Sending Omaha request: {"request":{"@os":"mac","@updater":"updater","acceptformat":"crx3,puff","app":[{"appid":"{44fc7fe2-65ce-487c-93f4-edee46eeaaab}","cohort":"1:scr:","cohortname":"Everyone","enabled":true,"event":[{"download_time_ms":664,"downloaded":9075631,"downloader":"direct","eventresult":1,"eventtype":14,"nextversion":"128.0.6537.0","previousversion":"126.0.6441.0","url":"http://edgedl.me.gvt1.com/edgedl/release2/update2/baguy4b4kpkp4bzzhzzzn2qwbu_128.0.6537.0/-44fc7fe2-65ce-487c-93f4-edee46eeaaab-_128.0.6537.0_all_hntccv2cli3kauiwyr3jeijpbi.crx3"},{"eventresult":1,"eventtype":3,"nextfp":"1.b4267fa8e5e3d4640ae83dd6ec3e0f180d2d595cc6d14a5208ef0db686f442eb","nextversion":"128.0.6537.0","previousversion":"126.0.6441.0"}],"installdate":6397,"packages":{"package":[{"fp":"1.b4267fa8e5e3d4640ae83dd6ec3e0f180d2d595cc6d14a5208ef0db686f442eb"}]},"version":"128.0.6537.0"}],"arch":"x64","dedup":"cr","domainjoined":false,"hw":{"avx":true,"physmemory":16,"sse":true,"sse2":true,"sse3":true,"sse41":true,"sse42":true,"ssse3":true},"ismachine":false,"nacl_arch":"x86-64","os":{"arch":"x86_64","platform":"Mac OS X","version":"13.6.3"},"prodversion":"126.0.6441.0","protocol":"3.1","requestid":"{8e60ccbc-a4e4-49d4-a4fc-a335c2037595}","sessionid":"{d2f9a6d8-e563-41e8-bc94-28aa50d25a7d}","updaterversion":"126.0.6441.0"}}
[1204:259:0707/183407.863081:VERBOSE1:network_fetcher_mac.mm(357)] Posting data: {"request":{"@os":"mac","@updater":"updater","acceptformat":"crx3,puff","app":[{"appid":"{44fc7fe2-65ce-487c-93f4-edee46eeaaab}","cohort":"1:scr:","cohortname":"Everyone","enabled":true,"event":[{"download_time_ms":664,"downloaded":9075631,"downloader":"direct","eventresult":1,"eventtype":14,"nextversion":"128.0.6537.0","previousversion":"126.0.6441.0","url":"http://edgedl.me.gvt1.com/edgedl/release2/update2/baguy4b4kpkp4bzzhzzzn2qwbu_128.0.6537.0/-44fc7fe2-65ce-487c-93f4-edee46eeaaab-_128.0.6537.0_all_hntccv2cli3kauiwyr3jeijpbi.crx3"},{"eventresult":1,"eventtype":3,"nextfp":"1.b4267fa8e5e3d4640ae83dd6ec3e0f180d2d595cc6d14a5208ef0db686f442eb","nextversion":"128.0.6537.0","previousversion":"126.0.6441.0"}],"installdate":6397,"packages":{"package":[{"fp":"1.b4267fa8e5e3d4640ae83dd6ec3e0f180d2d595cc6d14a5208ef0db686f442eb"}]},"version":"128.0.6537.0"}],"arch":"x64","dedup":"cr","domainjoined":false,"hw":{"avx":true,"physmemory":16,"sse":true,"sse2":true,"sse3":true,"sse41":true,"sse42":true,"ssse3":true},"ismachine":false,"nacl_arch":"x86-64","os":{"arch":"x86_64","platform":"Mac OS X","version":"13.6.3"},"prodversion":"126.0.6441.0","protocol":"3.1","requestid":"{8e60ccbc-a4e4-49d4-a4fc-a335c2037595}","sessionid":"{d2f9a6d8-e563-41e8-bc94-28aa50d25a7d}","updaterversion":"126.0.6441.0"}}
[1204:259:0707/183408.030929:VERBOSE1:request_sender.cc(182)] Request completed from url: https://update.googleapis.com/service/update2/json
[1204:259:0707/183408.031019:VERBOSE2:request_sender.cc(129)] Omaha response received: )]}'
{"response":{"server":"prod","protocol":"3.1","daystart":{"elapsed_seconds":66848,"elapsed_days":6397},"app":[{"appid":"{44fc7fe2-65ce-487c-93f4-edee46eeaaab}","status":"ok","event":[{"status":"ok"},{"status":"ok"}]}]}}
[1204:259:0707/183408.031115:VERBOSE1:update_service_impl_impl.cc(878)] last_checked updated.
[1204:259:0707/183408.031184:INFO:check_for_updates_task.cc(84)] Check for update task complete: 0
[1204:259:0707/183408.059288:VERBOSE1:update_service_stub.cc(416)] UpdateService client disconnected.
[1204:17155:0707/183418.055313:VERBOSE1:prefs.cc(209)] Prefs committed.
[1204:259:0707/183418.055458:VERBOSE1:prefs.cc(94)] ~UpdaterPrefsImpl: /Users/kevinly/Library/Application Support/Google/GoogleUpdater
[1204:259:0707/183418.056064:VERBOSE1:updater.cc(333)] UpdaterMain (--server) returned 0.
[1206:259:0707/183418.063029:VERBOSE1:updater.cc(333)] UpdaterMain (--crash-handler) returned 0.
[1194:259:0707/183418.064459:VERBOSE1:updater.cc(333)] UpdaterMain (--crash-handler) returned 0.
[681:259:0707/205811.070549:VERBOSE1:updater.cc(326)] Version: 126.0.6441.0, opt, 64 bits, command line: GoogleUpdater --server --service=update --enable-logging --vmodule=*/components/update_client/*=2,*/chrome/updater/*=2
[681:259:0707/205811.071673:VERBOSE1:updater.cc(328)] OS version: 13.6.3, System uptime (seconds): 58, parent pid: 1
[683:259:0707/205811.092701:VERBOSE1:updater.cc(326)] Version: 126.0.6441.0, opt, 64 bits, command line: /Users/kevinly/Library/Application Support/Google/GoogleUpdater/126.0.6441.0/GoogleUpdater.app/Contents/MacOS/GoogleUpdater --crash-handler --database=/Users/kevinly/Library/Application Support/Google/GoogleUpdater/126.0.6441.0/Crashpad --url=https://clients2.google.com/cr/report --annotation=prod=Update4 --annotation=ver=126.0.6441.0 --handshake-fd=6 --enable-logging --vmodule=*/components/update_client/*=2,*/chrome/updater/*=2
[683:259:0707/205811.093188:VERBOSE1:updater.cc(328)] OS version: 13.6.3, System uptime (seconds): 58, parent pid: 1
[681:259:0707/205811.100209:VERBOSE1:crash_reporter.cc(114)] Crash handler launched and ready.
[681:259:0707/205811.102260:VERBOSE1:crash_client.cc(102)] Found 0 completed crash reports
[681:259:0707/205811.102424:VERBOSE1:crash_client.cc(120)] Found 0 pending crash reports
[681:259:0707/205811.103987:VERBOSE1:updater.cc(101)] Crash reporting initialized.
[681:259:0707/205811.107968:VERBOSE2:app_server.cc(57)] ModeCheck
[681:259:0707/205811.108352:VERBOSE2:prefs.cc(142)] CreateGlobalPrefs
[681:259:0707/205811.108415:VERBOSE2:lock_mac.mm(47)] TryAcquireReceive
[681:259:0707/205811.110341:VERBOSE1:prefs.cc(89)] UpdaterPrefsImpl (global): /Users/kevinly/Library/Application Support/Google/GoogleUpdater
[681:259:0707/205811.110443:VERBOSE2:app_server.cc(70)] This version: 126.0.6441.0, active version: 126.0.6441.0
[681:259:0707/205811.112052:VERBOSE1:dm_storage.cc(204)] No valid DM token.
[681:259:0707/205811.150385:VERBOSE1:service.cc(148)] Current effective policies:
{
  LastCheckPeriod = 270 (Default)
}

[681:259:0707/205811.273486:VERBOSE1:update_service_impl_impl.cc(631)] GetAppStates
[681:259:0707/205811.274639:VERBOSE1:update_service_stub.cc(416)] UpdateService client disconnected.
[681:259:0707/205811.275482:VERBOSE1:update_service_impl_impl.cc(657)] RunPeriodicTasks
[681:259:0707/205811.275566:VERBOSE1:update_service_impl_impl.cc(662)] last_started updated.
[681:259:0707/205811.275894:INFO:ks_tickets.mm(31)] Ticket store does not exist at /Users/kevinly/Library/Google/GoogleSoftwareUpdate/TicketStore/Keystone.ticketstore
[681:259:0707/205811.276087:WARNING:keystone.mm(62)] Failed to read client-regulated-counting data.
[681:259:0707/205811.276923:VERBOSE1:update_service_impl_impl.cc(606)] FetchPolicies
[681:259:0707/205811.276977:VERBOSE2:update_service_impl_impl.cc(610)] Policy fetch skipped for user updater.
[681:259:0707/205811.277026:INFO:check_for_updates_task.cc(47)] Skipping checking for updates: last update was 144 minutes ago. check_delay == 270
[681:259:0707/205811.277101:INFO:check_for_updates_task.cc(47)] Skipping checking for updates: last update was 144 minutes ago. check_delay == 270
[681:259:0707/205811.277477:VERBOSE1:update_service_stub.cc(416)] UpdateService client disconnected.
[681:11779:0707/205821.279779:VERBOSE1:prefs.cc(209)] Prefs committed.
[681:259:0707/205821.280046:VERBOSE1:prefs.cc(94)] ~UpdaterPrefsImpl: /Users/kevinly/Library/Application Support/Google/GoogleUpdater
[681:259:0707/205821.280796:VERBOSE1:updater.cc(333)] UpdaterMain (--server) returned 0.
[683:259:0707/205821.282113:VERBOSE1:updater.cc(333)] UpdaterMain (--crash-handler) returned 0.
